*DISPLACEMENTS
    1 -2.4825e-06 -1.2412e-06     2 -2.4383e-06 6.7587e-06     3 -1.9425e-06 -1.1163e-05     4 -2.4825e-06 -1.2412e-06     5 -2.4383e-06 6.7587e-06     6 -2.4383e-06 6.7587e-06 
*ELEMENT_STRAINS
    1 -9.929904e-07
    2 4.964952e-07
    3 4.964952e-07
    4 8.640719e-07
    5 2.703482e-06
    6 -2.124668e-06
    7 -4.465331e-06
    8 -1.844168e-06
    9 1.983432e-07
   10 2.971645e-06
   11 5.847554e-07
   12 -7.344380e-06
   13 -9.283662e-07
   14 3.045825e-06
   15 -5.055709e-06
   16 2.907865e-06
   17 -1.058201e-06
   18 3.291267e-06
   19 -3.471602e-06
   20 -1.379024e-06
   21 0.000000e+00
   22 0.000000e+00
   23 2.099774e-06
   24 -1.261447e-06
   25 -1.484764e-06

*ELEMENT_STRESSES
    1 -2.085280e+05
    2 1.042640e+05
    3 1.042640e+05
    4 1.814551e+05
    5 5.677312e+05
    6 -4.461802e+05
    7 -9.377195e+05
    8 -3.872753e+05
    9 4.165208e+04
   10 6.240454e+05
   11 1.227986e+05
   12 -1.542320e+06
   13 -1.949569e+05
   14 6.396233e+05
   15 -1.061699e+06
   16 6.106516e+05
   17 -2.222222e+05
   18 6.911662e+05
   19 -7.290364e+05
   20 -2.895951e+05
   21 0.000000e+00
   22 0.000000e+00
   23 4.409525e+05
   24 -2.649038e+05
   25 -3.118005e+05

*REACTION_FORCES
    1 FX = 0.000000e+00
    1 FY = 0.000000e+00
    2 FY = 0.000000e+00
    3 FY = 1.000000e+04
    4 FX = 0.000000e+00
    4 FY = 0.000000e+00
