*DISPLACEMENTS
    1 -3.0229e-06 -6.6867e-05 
    2 -2.4418e-06 -1.0493e-04 
    3 -1.8691e-06 -1.3239e-04 
    4 -3.0229e-06 -6.4293e-05 
    5 -2.4418e-06 -6.4293e-05 
    6 -2.4418e-06 -1.0614e-04 

*ELEMENT_STRAINS
    1 -1.209145e-06
    2 2.324134e-07
    3 2.290817e-07
    4 -7.468697e-08
    5 1.029489e-06
    6 -2.051302e-06
    7 -4.851325e-07
    8 -3.227703e-07
    9 1.222256e-06
   10 1.574552e-06
   11 -1.348594e-06
   12 -2.654008e-06
   13 -7.248872e-07
   14 1.279587e-06
   15 -2.557870e-06
   16 1.194783e-06
   17 -1.058201e-06
   18 1.748302e-06
   19 -2.242249e-06
   20 -1.159978e-06
   21 0.000000e+00
   22 0.000000e+00
   23 1.651289e-06
   24 -8.321985e-07
   25 -1.167637e-06

*ELEMENT_STRESSES
    1 -2.539204e+05
    2 4.880681e+04
    3 4.810716e+04
    4 -1.568426e+04
    5 2.161926e+05
    6 -4.307734e+05
    7 -1.018778e+05
    8 -6.778175e+04
    9 2.566738e+05
   10 3.306560e+05
   11 -2.832047e+05
   12 -5.573417e+05
   13 -1.522263e+05
   14 2.687132e+05
   15 -5.371528e+05
   16 2.509045e+05
   17 -2.222222e+05
   18 3.671434e+05
   19 -4.708722e+05
   20 -2.435953e+05
   21 0.000000e+00
   22 0.000000e+00
   23 3.467706e+05
   24 -1.747617e+05
   25 -2.452039e+05

*REACTION_FORCES
    1 FX = 0.000000e+00
