*DISPLACEMENTS
    1 0.0000e+00 0.0000e+00 
     2 0.0000e+00 0.0000e+00 
     3 -4.2850e-03 -1.2856e-02 
     4 5.7137e-03 -1.7142e-02 
 
*ELEMENT_STRAINS
    1 0.000000e+00
    2 -2.040469e-04
    3 -2.040948e-04
    4 2.720809e-04
    5 2.040654e-04
    6 -2.720958e-04

*ELEMENT_STRESSES
    1 0.000000e+00
    2 -4.284985e+02
    3 -4.285991e+02
    4 5.713699e+02
    5 4.285372e+02
    6 -5.714011e+02

*REACTION_FORCES
    1 FX = 9.998994e+02
    1 FY = 5.714009e+02
    2 FX = -9.999069e+02
    2 FY = 4.285371e+02
